ISim log file
Running: C:\Users\User\Documents\BYOC_HIT\HW6\HW6\BYOC_TB_for_students_isim_beh.exe -intstyle ise -gui -tclbatch isim.cmd -wdb C:/Users/User/Documents/BYOC_HIT/HW6/HW6/BYOC_TB_for_students_isim_beh.wdb 
ISim P.20131013 (signature 0x7708f090)
WARNING: A WEBPACK license was found.
WARNING: Please use Xilinx License Configuration Manager to check out a full ISim license.
WARNING: ISim will run in Lite mode. Please refer to the ISim documentation for more information on the differences between the Lite and the Full version.
This is a Lite version of ISim.
Time resolution is 1 ps
# onerror resume
# wave add /
# run 1000 ns
Simulator is doing circuit initialization process.
at 0 ps, Instance /byoc_tb_for_students/Testing_BYOC_top/ : Warning: There is an 'U'|'X'|'W'|'Z'|'-' in an arithmetic operand, the result will be 'X'(es).
at 0 ps: Note: ================= Start filling IMem from file ==================================== (/byoc_tb_for_students/Testing_BYOC_top/hostintf/).
at 0 ps: Note: ================= Filling IMem from file done! ==================================== (/byoc_tb_for_students/Testing_BYOC_top/hostintf/).
at 0 ps, Instance /byoc_tb_for_students/Testing_BYOC_top/hostintf/ : Warning: CONV_INTEGER: There is an 'U'|'X'|'W'|'Z'|'-' in an arithmetic operand, and it has been converted to 0.
at 0 ps, Instance /byoc_tb_for_students/Testing_BYOC_top/hostintf/ : Warning: CONV_INTEGER: There is an 'U'|'X'|'W'|'Z'|'-' in an arithmetic operand, and it has been converted to 0.
at 0 ps, Instance /byoc_tb_for_students/Testing_BYOC_top/hostintf/ : Warning: CONV_INTEGER: There is an 'U'|'X'|'W'|'Z'|'-' in an arithmetic operand, and it has been converted to 0.
at 0 ps, Instance /byoc_tb_for_students/Testing_BYOC_top/GPR_file/ : Warning: CONV_INTEGER: There is an 'U'|'X'|'W'|'Z'|'-' in an arithmetic operand, and it has been converted to 0.
at 0 ps, Instance /byoc_tb_for_students/Testing_BYOC_top/GPR_file/ : Warning: CONV_INTEGER: There is an 'U'|'X'|'W'|'Z'|'-' in an arithmetic operand, and it has been converted to 0.
at 0 ps, Instance /byoc_tb_for_students/Testing_BYOC_top/GPR_file/ : Warning: CONV_INTEGER: There is an 'U'|'X'|'W'|'Z'|'-' in an arithmetic operand, and it has been converted to 0.
Finished circuit initialization process.
at 1 ns: Note: ================= Start checking signals ======================== (/byoc_tb_for_students/).
# run 1.00us
# run 1.00us
at 2840 ns(6): Error: Error in value9 in CK cycle 55!!!  was 004000F0 instead of 00000000
at 2880 ns(6): Error: Error in value9 in CK cycle 56!!!  was 004000F0 instead of 00000000
at 2880 ns(6): Error: Error in value10 in CK cycle 56!!!  was 004000F0 instead of 00000000
at 2920 ns(6): Error: Error in value9 in CK cycle 57!!!  was 004000F0 instead of 00000000
at 2920 ns(6): Error: Error in value10 in CK cycle 57!!!  was 004000F0 instead of 00000000
at 2920 ns(6): Error: Error in value14 in CK cycle 57!!!  was 004000F0 instead of 00000000
at 2920 ns(6): Error: Error in value15 in CK cycle 57!!!  was 004000F0 instead of 00000000
at 2960 ns(6): Error: Error in value9 in CK cycle 58!!!  was 004000F0 instead of 00000000
at 2960 ns(6): Error: Error in value10 in CK cycle 58!!!  was 004000F0 instead of 00000000
at 2960 ns(6): Error: Error in value14 in CK cycle 58!!!  was 004000F0 instead of 00000000
at 3 us(6): Error: Error in value9 in CK cycle 59!!!  was 004000F0 instead of 00000000
at 3 us(6): Error: Error in value10 in CK cycle 59!!!  was 004000F0 instead of 00000000
at 3 us(6): Error: Error in value14 in CK cycle 59!!!  was 004000F0 instead of 00000000
at 3 us(6): Error: Error in value15 in CK cycle 59!!!  was 004000F0 instead of 00000000
ISim P.20131013 (signature 0x7708f090)
WARNING: A WEBPACK license was found.
WARNING: Please use Xilinx License Configuration Manager to check out a full ISim license.
WARNING: ISim will run in Lite mode. Please refer to the ISim documentation for more information on the differences between the Lite and the Full version.
This is a Lite version of ISim.
# run 1000 ns
Simulator is doing circuit initialization process.
at 0 ps, Instance /byoc_tb_for_students/Testing_BYOC_top/ : Warning: There is an 'U'|'X'|'W'|'Z'|'-' in an arithmetic operand, the result will be 'X'(es).
at 0 ps: Note: ================= Start filling IMem from file ==================================== (/byoc_tb_for_students/Testing_BYOC_top/hostintf/).
at 0 ps: Note: ================= Filling IMem from file done! ==================================== (/byoc_tb_for_students/Testing_BYOC_top/hostintf/).
at 0 ps, Instance /byoc_tb_for_students/Testing_BYOC_top/hostintf/ : Warning: CONV_INTEGER: There is an 'U'|'X'|'W'|'Z'|'-' in an arithmetic operand, and it has been converted to 0.
at 0 ps, Instance /byoc_tb_for_students/Testing_BYOC_top/hostintf/ : Warning: CONV_INTEGER: There is an 'U'|'X'|'W'|'Z'|'-' in an arithmetic operand, and it has been converted to 0.
at 0 ps, Instance /byoc_tb_for_students/Testing_BYOC_top/hostintf/ : Warning: CONV_INTEGER: There is an 'U'|'X'|'W'|'Z'|'-' in an arithmetic operand, and it has been converted to 0.
at 0 ps, Instance /byoc_tb_for_students/Testing_BYOC_top/GPR_file/ : Warning: CONV_INTEGER: There is an 'U'|'X'|'W'|'Z'|'-' in an arithmetic operand, and it has been converted to 0.
at 0 ps, Instance /byoc_tb_for_students/Testing_BYOC_top/GPR_file/ : Warning: CONV_INTEGER: There is an 'U'|'X'|'W'|'Z'|'-' in an arithmetic operand, and it has been converted to 0.
at 0 ps, Instance /byoc_tb_for_students/Testing_BYOC_top/GPR_file/ : Warning: CONV_INTEGER: There is an 'U'|'X'|'W'|'Z'|'-' in an arithmetic operand, and it has been converted to 0.
Finished circuit initialization process.
at 1 ns: Note: ================= Start checking signals ======================== (/byoc_tb_for_students/).
# run 1.00us
# run 1.00us
at 2840 ns(6): Error: Error in value9 in CK cycle 55!!!  was 004000F0 instead of 00000000
at 2880 ns(6): Error: Error in value9 in CK cycle 56!!!  was 004000F0 instead of 00000000
at 2880 ns(6): Error: Error in value10 in CK cycle 56!!!  was 004000F0 instead of 00000000
at 2920 ns(6): Error: Error in value9 in CK cycle 57!!!  was 004000F0 instead of 00000000
at 2920 ns(6): Error: Error in value10 in CK cycle 57!!!  was 004000F0 instead of 00000000
at 2920 ns(6): Error: Error in value14 in CK cycle 57!!!  was 004000F0 instead of 00000000
at 2920 ns(6): Error: Error in value15 in CK cycle 57!!!  was 004000F0 instead of 00000000
at 2960 ns(6): Error: Error in value9 in CK cycle 58!!!  was 004000F0 instead of 00000000
at 2960 ns(6): Error: Error in value10 in CK cycle 58!!!  was 004000F0 instead of 00000000
at 2960 ns(6): Error: Error in value14 in CK cycle 58!!!  was 004000F0 instead of 00000000
at 3 us(6): Error: Error in value9 in CK cycle 59!!!  was 004000F0 instead of 00000000
at 3 us(6): Error: Error in value10 in CK cycle 59!!!  was 004000F0 instead of 00000000
at 3 us(6): Error: Error in value14 in CK cycle 59!!!  was 004000F0 instead of 00000000
at 3 us(6): Error: Error in value15 in CK cycle 59!!!  was 004000F0 instead of 00000000
ISim P.20131013 (signature 0x7708f090)
WARNING: A WEBPACK license was found.
WARNING: Please use Xilinx License Configuration Manager to check out a full ISim license.
WARNING: ISim will run in Lite mode. Please refer to the ISim documentation for more information on the differences between the Lite and the Full version.
This is a Lite version of ISim.
# run 1000 ns
Simulator is doing circuit initialization process.
at 0 ps, Instance /byoc_tb_for_students/Testing_BYOC_top/ : Warning: There is an 'U'|'X'|'W'|'Z'|'-' in an arithmetic operand, the result will be 'X'(es).
at 0 ps: Note: ================= Start filling IMem from file ==================================== (/byoc_tb_for_students/Testing_BYOC_top/hostintf/).
at 0 ps: Note: ================= Filling IMem from file done! ==================================== (/byoc_tb_for_students/Testing_BYOC_top/hostintf/).
at 0 ps, Instance /byoc_tb_for_students/Testing_BYOC_top/hostintf/ : Warning: CONV_INTEGER: There is an 'U'|'X'|'W'|'Z'|'-' in an arithmetic operand, and it has been converted to 0.
at 0 ps, Instance /byoc_tb_for_students/Testing_BYOC_top/hostintf/ : Warning: CONV_INTEGER: There is an 'U'|'X'|'W'|'Z'|'-' in an arithmetic operand, and it has been converted to 0.
at 0 ps, Instance /byoc_tb_for_students/Testing_BYOC_top/hostintf/ : Warning: CONV_INTEGER: There is an 'U'|'X'|'W'|'Z'|'-' in an arithmetic operand, and it has been converted to 0.
at 0 ps, Instance /byoc_tb_for_students/Testing_BYOC_top/GPR_file/ : Warning: CONV_INTEGER: There is an 'U'|'X'|'W'|'Z'|'-' in an arithmetic operand, and it has been converted to 0.
at 0 ps, Instance /byoc_tb_for_students/Testing_BYOC_top/GPR_file/ : Warning: CONV_INTEGER: There is an 'U'|'X'|'W'|'Z'|'-' in an arithmetic operand, and it has been converted to 0.
at 0 ps, Instance /byoc_tb_for_students/Testing_BYOC_top/GPR_file/ : Warning: CONV_INTEGER: There is an 'U'|'X'|'W'|'Z'|'-' in an arithmetic operand, and it has been converted to 0.
Finished circuit initialization process.
at 1 ns: Note: ================= Start checking signals ======================== (/byoc_tb_for_students/).
# run 1.00us
# run 1.00us
at 2840 ns(6): Error: Error in value9 in CK cycle 55!!!  was 004000F0 instead of 00000000
at 2880 ns(6): Error: Error in value9 in CK cycle 56!!!  was 004000F0 instead of 00000000
at 2880 ns(6): Error: Error in value10 in CK cycle 56!!!  was 004000F0 instead of 00000000
at 2920 ns(6): Error: Error in value9 in CK cycle 57!!!  was 008001E0 instead of 00000000
at 2920 ns(6): Error: Error in value10 in CK cycle 57!!!  was 004000F0 instead of 00000000
at 2920 ns(6): Error: Error in value14 in CK cycle 57!!!  was 004000F0 instead of 00000000
at 2920 ns(6): Error: Error in value15 in CK cycle 57!!!  was 004000F0 instead of 00000000
at 2960 ns(6): Error: Error in value9 in CK cycle 58!!!  was 010003C0 instead of 00000000
at 2960 ns(6): Error: Error in value10 in CK cycle 58!!!  was 008001E0 instead of 00000000
at 2960 ns(6): Error: Error in value14 in CK cycle 58!!!  was 004000F0 instead of 00000000
at 3 us(6): Error: Error in value9 in CK cycle 59!!!  was 02000780 instead of 00000000
at 3 us(6): Error: Error in value10 in CK cycle 59!!!  was 010003C0 instead of 00000000
at 3 us(6): Error: Error in value14 in CK cycle 59!!!  was 008001E0 instead of 00000000
at 3 us(6): Error: Error in value15 in CK cycle 59!!!  was 008001E0 instead of 00000000
ISim P.20131013 (signature 0x7708f090)
WARNING: A WEBPACK license was found.
WARNING: Please use Xilinx License Configuration Manager to check out a full ISim license.
WARNING: ISim will run in Lite mode. Please refer to the ISim documentation for more information on the differences between the Lite and the Full version.
This is a Lite version of ISim.
# run 1000 ns
Simulator is doing circuit initialization process.
at 0 ps, Instance /byoc_tb_for_students/Testing_BYOC_top/ : Warning: There is an 'U'|'X'|'W'|'Z'|'-' in an arithmetic operand, the result will be 'X'(es).
at 0 ps: Note: ================= Start filling IMem from file ==================================== (/byoc_tb_for_students/Testing_BYOC_top/hostintf/).
at 0 ps: Note: ================= Filling IMem from file done! ==================================== (/byoc_tb_for_students/Testing_BYOC_top/hostintf/).
at 0 ps, Instance /byoc_tb_for_students/Testing_BYOC_top/hostintf/ : Warning: CONV_INTEGER: There is an 'U'|'X'|'W'|'Z'|'-' in an arithmetic operand, and it has been converted to 0.
at 0 ps, Instance /byoc_tb_for_students/Testing_BYOC_top/hostintf/ : Warning: CONV_INTEGER: There is an 'U'|'X'|'W'|'Z'|'-' in an arithmetic operand, and it has been converted to 0.
at 0 ps, Instance /byoc_tb_for_students/Testing_BYOC_top/hostintf/ : Warning: CONV_INTEGER: There is an 'U'|'X'|'W'|'Z'|'-' in an arithmetic operand, and it has been converted to 0.
at 0 ps, Instance /byoc_tb_for_students/Testing_BYOC_top/GPR_file/ : Warning: CONV_INTEGER: There is an 'U'|'X'|'W'|'Z'|'-' in an arithmetic operand, and it has been converted to 0.
at 0 ps, Instance /byoc_tb_for_students/Testing_BYOC_top/GPR_file/ : Warning: CONV_INTEGER: There is an 'U'|'X'|'W'|'Z'|'-' in an arithmetic operand, and it has been converted to 0.
at 0 ps, Instance /byoc_tb_for_students/Testing_BYOC_top/GPR_file/ : Warning: CONV_INTEGER: There is an 'U'|'X'|'W'|'Z'|'-' in an arithmetic operand, and it has been converted to 0.
Finished circuit initialization process.
at 1 ns: Note: ================= Start checking signals ======================== (/byoc_tb_for_students/).
# run 1.00us
# run 1.00us
at 2840 ns(6): Error: Error in value9 in CK cycle 55!!!  was 004000F0 instead of 00000000
at 2880 ns(6): Error: Error in value9 in CK cycle 56!!!  was 004000F0 instead of 00000000
at 2880 ns(6): Error: Error in value10 in CK cycle 56!!!  was 004000F0 instead of 00000000
at 2920 ns(6): Error: Error in value9 in CK cycle 57!!!  was 008001E0 instead of 00000000
at 2920 ns(6): Error: Error in value10 in CK cycle 57!!!  was 004000F0 instead of 00000000
at 2920 ns(6): Error: Error in value14 in CK cycle 57!!!  was 004000F0 instead of 00000000
at 2920 ns(6): Error: Error in value15 in CK cycle 57!!!  was 004000F0 instead of 00000000
at 2960 ns(6): Error: Error in value9 in CK cycle 58!!!  was 010003C0 instead of 00000000
at 2960 ns(6): Error: Error in value10 in CK cycle 58!!!  was 008001E0 instead of 00000000
at 2960 ns(6): Error: Error in value14 in CK cycle 58!!!  was 004000F0 instead of 00000000
at 3 us(6): Error: Error in value9 in CK cycle 59!!!  was 02000780 instead of 00000000
at 3 us(6): Error: Error in value10 in CK cycle 59!!!  was 010003C0 instead of 00000000
at 3 us(6): Error: Error in value14 in CK cycle 59!!!  was 008001E0 instead of 00000000
at 3 us(6): Error: Error in value15 in CK cycle 59!!!  was 008001E0 instead of 00000000
ISim P.20131013 (signature 0x7708f090)
WARNING: A WEBPACK license was found.
WARNING: Please use Xilinx License Configuration Manager to check out a full ISim license.
WARNING: ISim will run in Lite mode. Please refer to the ISim documentation for more information on the differences between the Lite and the Full version.
This is a Lite version of ISim.
# run 1000 ns
Simulator is doing circuit initialization process.
at 0 ps, Instance /byoc_tb_for_students/Testing_BYOC_top/ : Warning: There is an 'U'|'X'|'W'|'Z'|'-' in an arithmetic operand, the result will be 'X'(es).
at 0 ps: Note: ================= Start filling IMem from file ==================================== (/byoc_tb_for_students/Testing_BYOC_top/hostintf/).
at 0 ps: Note: ================= Filling IMem from file done! ==================================== (/byoc_tb_for_students/Testing_BYOC_top/hostintf/).
at 0 ps, Instance /byoc_tb_for_students/Testing_BYOC_top/hostintf/ : Warning: CONV_INTEGER: There is an 'U'|'X'|'W'|'Z'|'-' in an arithmetic operand, and it has been converted to 0.
at 0 ps, Instance /byoc_tb_for_students/Testing_BYOC_top/hostintf/ : Warning: CONV_INTEGER: There is an 'U'|'X'|'W'|'Z'|'-' in an arithmetic operand, and it has been converted to 0.
at 0 ps, Instance /byoc_tb_for_students/Testing_BYOC_top/hostintf/ : Warning: CONV_INTEGER: There is an 'U'|'X'|'W'|'Z'|'-' in an arithmetic operand, and it has been converted to 0.
at 0 ps, Instance /byoc_tb_for_students/Testing_BYOC_top/GPR_file/ : Warning: CONV_INTEGER: There is an 'U'|'X'|'W'|'Z'|'-' in an arithmetic operand, and it has been converted to 0.
at 0 ps, Instance /byoc_tb_for_students/Testing_BYOC_top/GPR_file/ : Warning: CONV_INTEGER: There is an 'U'|'X'|'W'|'Z'|'-' in an arithmetic operand, and it has been converted to 0.
at 0 ps, Instance /byoc_tb_for_students/Testing_BYOC_top/GPR_file/ : Warning: CONV_INTEGER: There is an 'U'|'X'|'W'|'Z'|'-' in an arithmetic operand, and it has been converted to 0.
Finished circuit initialization process.
at 1 ns: Note: ================= Start checking signals ======================== (/byoc_tb_for_students/).
# run 1.00us
# run 1.00us
# run 1.00us
at 3280 ns(6): Error: Error in value9 in CK cycle 66!!!  was 00007FFE instead of 00000003
at 3320 ns(6): Error: Error in value10 in CK cycle 67!!!  was 00007FFE instead of 00000003
at 3320 ns(6): Error: Error in value11 in CK cycle 67!!!  was FFFFFFFF instead of 00000002
at 3360 ns(6): Error: Error in value14 in CK cycle 68!!!  was 00007FFE instead of 00000003
at 3360 ns(6): Error: Error in value15 in CK cycle 68!!!  was 00007FFE instead of 00000003
at 3440 ns(6): Error: Error in value9 in CK cycle 70!!!  was 00000013 instead of 00000033
at 3480 ns(6): Error: Error in value10 in CK cycle 71!!!  was 00000013 instead of 00000033
at 3480 ns(6): Error: Error in value11 in CK cycle 71!!!  was 00000002 instead of 00000022
at 3520 ns(6): Error: Error in value14 in CK cycle 72!!!  was 00000013 instead of 00000033
at 3520 ns(6): Error: Error in value15 in CK cycle 72!!!  was 00000013 instead of 00000033
ISim P.20131013 (signature 0x7708f090)
WARNING: A WEBPACK license was found.
WARNING: Please use Xilinx License Configuration Manager to check out a full ISim license.
WARNING: ISim will run in Lite mode. Please refer to the ISim documentation for more information on the differences between the Lite and the Full version.
This is a Lite version of ISim.
# run 1000 ns
Simulator is doing circuit initialization process.
at 0 ps, Instance /byoc_tb_for_students/Testing_BYOC_top/ : Warning: There is an 'U'|'X'|'W'|'Z'|'-' in an arithmetic operand, the result will be 'X'(es).
at 0 ps: Note: ================= Start filling IMem from file ==================================== (/byoc_tb_for_students/Testing_BYOC_top/hostintf/).
at 0 ps: Note: ================= Filling IMem from file done! ==================================== (/byoc_tb_for_students/Testing_BYOC_top/hostintf/).
at 0 ps, Instance /byoc_tb_for_students/Testing_BYOC_top/hostintf/ : Warning: CONV_INTEGER: There is an 'U'|'X'|'W'|'Z'|'-' in an arithmetic operand, and it has been converted to 0.
at 0 ps, Instance /byoc_tb_for_students/Testing_BYOC_top/hostintf/ : Warning: CONV_INTEGER: There is an 'U'|'X'|'W'|'Z'|'-' in an arithmetic operand, and it has been converted to 0.
at 0 ps, Instance /byoc_tb_for_students/Testing_BYOC_top/hostintf/ : Warning: CONV_INTEGER: There is an 'U'|'X'|'W'|'Z'|'-' in an arithmetic operand, and it has been converted to 0.
at 0 ps, Instance /byoc_tb_for_students/Testing_BYOC_top/GPR_file/ : Warning: CONV_INTEGER: There is an 'U'|'X'|'W'|'Z'|'-' in an arithmetic operand, and it has been converted to 0.
at 0 ps, Instance /byoc_tb_for_students/Testing_BYOC_top/GPR_file/ : Warning: CONV_INTEGER: There is an 'U'|'X'|'W'|'Z'|'-' in an arithmetic operand, and it has been converted to 0.
at 0 ps, Instance /byoc_tb_for_students/Testing_BYOC_top/GPR_file/ : Warning: CONV_INTEGER: There is an 'U'|'X'|'W'|'Z'|'-' in an arithmetic operand, and it has been converted to 0.
Finished circuit initialization process.
at 1 ns: Note: ================= Start checking signals ======================== (/byoc_tb_for_students/).
# run 1.00us
# run 1.00us
at 2840 ns(6): Error: Error in value9 in CK cycle 55!!!  was 004000F0 instead of 00000000
at 2880 ns(6): Error: Error in value9 in CK cycle 56!!!  was 004000F0 instead of 00000000
at 2880 ns(6): Error: Error in value10 in CK cycle 56!!!  was 004000F0 instead of 00000000
at 2920 ns(6): Error: Error in value9 in CK cycle 57!!!  was 008001E0 instead of 00000000
at 2920 ns(6): Error: Error in value10 in CK cycle 57!!!  was 004000F0 instead of 00000000
at 2920 ns(6): Error: Error in value14 in CK cycle 57!!!  was 004000F0 instead of 00000000
at 2920 ns(6): Error: Error in value15 in CK cycle 57!!!  was 004000F0 instead of 00000000
at 2960 ns(6): Error: Error in value9 in CK cycle 58!!!  was 010003C0 instead of 00000000
at 2960 ns(6): Error: Error in value10 in CK cycle 58!!!  was 008001E0 instead of 00000000
at 2960 ns(6): Error: Error in value14 in CK cycle 58!!!  was 004000F0 instead of 00000000
at 3 us(6): Error: Error in value9 in CK cycle 59!!!  was 02000780 instead of 00000000
at 3 us(6): Error: Error in value10 in CK cycle 59!!!  was 010003C0 instead of 00000000
at 3 us(6): Error: Error in value14 in CK cycle 59!!!  was 008001E0 instead of 00000000
at 3 us(6): Error: Error in value15 in CK cycle 59!!!  was 008001E0 instead of 00000000
# run 1.00us
at 3040 ns(6): Error: Error in value9 in CK cycle 60!!!  was 02400874 instead of 004000F4
at 3040 ns(6): Error: Error in value10 in CK cycle 60!!!  was 02000780 instead of 00000000
at 3040 ns(6): Error: Error in value14 in CK cycle 60!!!  was 010003C0 instead of 00000000
at 3040 ns(6): Error: Error in value15 in CK cycle 60!!!  was 010003C0 instead of 00000000
at 3080 ns(6): Error: Error in value9 in CK cycle 61!!!  was 048010E8 instead of 00000000
at 3080 ns(6): Error: Error in value10 in CK cycle 61!!!  was 02400874 instead of 004000F4
at 3080 ns(6): Error: Error in value14 in CK cycle 61!!!  was 02000780 instead of 00000000
at 3080 ns(6): Error: Error in value15 in CK cycle 61!!!  was 02000780 instead of 00000000
at 3120 ns(6): Error: Error in value9 in CK cycle 62!!!  was 090021D0 instead of 00000000
at 3120 ns(6): Error: Error in value10 in CK cycle 62!!!  was 048010E8 instead of 00000000
at 3120 ns(6): Error: Error in value14 in CK cycle 62!!!  was 02400874 instead of 004000F4
at 3120 ns(6): Error: Error in value15 in CK cycle 62!!!  was 02400874 instead of 004000F4
at 3160 ns(6): Error: Error in value9 in CK cycle 63!!!  was 120043A0 instead of 00000000
at 3160 ns(6): Error: Error in value10 in CK cycle 63!!!  was 090021D0 instead of 00000000
at 3160 ns(6): Error: Error in value14 in CK cycle 63!!!  was 048010E8 instead of 00000000
at 3160 ns(6): Error: Error in value15 in CK cycle 63!!!  was 048010E8 instead of 00000000
at 3200 ns(6): Error: Error in value9 in CK cycle 64!!!  was 120043A1 instead of 00000001
at 3200 ns(6): Error: Error in value10 in CK cycle 64!!!  was 120043A0 instead of 00000000
at 3200 ns(6): Error: Error in value14 in CK cycle 64!!!  was 090021D0 instead of 00000000
at 3200 ns(6): Error: Error in value15 in CK cycle 64!!!  was 090021D0 instead of 00000000
at 3240 ns(6): Error: Error in value9 in CK cycle 65!!!  was 120043A2 instead of 00000002
at 3240 ns(6): Error: Error in value10 in CK cycle 65!!!  was 120043A1 instead of 00000001
at 3240 ns(6): Error: Error in value14 in CK cycle 65!!!  was 120043A0 instead of 00000000
at 3240 ns(6): Error: Error in value15 in CK cycle 65!!!  was 120043A0 instead of 00000000
at 3280 ns(6): Error: Error in value9 in CK cycle 66!!!  was 24008743 instead of 00000003
at 3280 ns(6): Error: Error in value10 in CK cycle 66!!!  was 120043A2 instead of 00000002
at 3280 ns(6): Error: Error in value14 in CK cycle 66!!!  was 120043A1 instead of 00000001
at 3280 ns(6): Error: Error in value15 in CK cycle 66!!!  was 120043A1 instead of 00000001
at 3320 ns(6): Error: Error in value7 in CK cycle 67!!!  was 120043A1 instead of 00000001
at 3320 ns(6): Error: Error in value10 in CK cycle 67!!!  was 24008743 instead of 00000003
at 3320 ns(6): Error: Error in value11 in CK cycle 67!!!  was FFFFFFFF instead of 00000002
at 3320 ns(6): Error: Error in value14 in CK cycle 67!!!  was 120043A2 instead of 00000002
at 3320 ns(6): Error: Error in value15 in CK cycle 67!!!  was 120043A2 instead of 00000002
at 3360 ns(6): Error: Error in value7 in CK cycle 68!!!  was 120043A2 instead of 00000002
at 3360 ns(6): Error: Error in value11 in CK cycle 68!!!  was 120043A1 instead of 00000001
at 3360 ns(6): Error: Error in value14 in CK cycle 68!!!  was 24008743 instead of 00000003
at 3360 ns(6): Error: Error in value15 in CK cycle 68!!!  was 24008743 instead of 00000003
at 3400 ns(6): Error: Error in value11 in CK cycle 69!!!  was 120043A2 instead of 00000002
at 3440 ns(6): Error: Error in value7 in CK cycle 70!!!  was 120043A2 instead of 00000002
at 3480 ns(6): Error: Error in value11 in CK cycle 71!!!  was 120043A2 instead of 00000022
# run 1.00us
at 4680 ns(6): Error: Error in value11 in CK cycle 101!!!  was 00000AAA instead of 00000555
# run 1.00us
# run 1.00us
at 6360 ns(6): Error: Error in value9 in CK cycle 143!!!  was 00800520 instead of 00000000
at 6400 ns(6): Error: Error in value10 in CK cycle 144!!!  was 00800520 instead of 00000000
at 6440 ns(6): Error: Error in value9 in CK cycle 145!!!  was 01000A40 instead of 00000000
at 6440 ns(6): Error: Error in value14 in CK cycle 145!!!  was 00800520 instead of 00000000
at 6440 ns(6): Error: Error in value15 in CK cycle 145!!!  was 00800520 instead of 00000000
at 6480 ns(6): Error: Error in value10 in CK cycle 146!!!  was 01000A40 instead of 00000000
at 6520 ns(6): Error: Error in value9 in CK cycle 147!!!  was 02001480 instead of 00000000
at 6520 ns(6): Error: Error in value11 in CK cycle 147!!!  was 00000002 instead of 00000003
at 6520 ns(6): Error: Error in value14 in CK cycle 147!!!  was 01000A40 instead of 00000000
at 6520 ns(6): Error: Error in value15 in CK cycle 147!!!  was 01000A40 instead of 00000000
at 6560 ns(6): Error: Error in value9 in CK cycle 148!!!  was 02001480 instead of 00000000
at 6560 ns(6): Error: Error in value10 in CK cycle 148!!!  was 02001480 instead of 00000000
at 6600 ns(6): Error: Error in value9 in CK cycle 149!!!  was 04002900 instead of 00000000
at 6600 ns(6): Error: Error in value10 in CK cycle 149!!!  was 02001480 instead of 00000000
at 6600 ns(6): Error: Error in value14 in CK cycle 149!!!  was 02001480 instead of 00000000
at 6600 ns(6): Error: Error in value15 in CK cycle 149!!!  was 02001480 instead of 00000000
at 6640 ns(6): Error: Error in value9 in CK cycle 150!!!  was 04002900 instead of 00000000
at 6640 ns(6): Error: Error in value10 in CK cycle 150!!!  was 04002900 instead of 00000000
at 6640 ns(6): Error: Error in value14 in CK cycle 150!!!  was 02001480 instead of 00000000
at 6640 ns(6): Error: Error in value15 in CK cycle 150!!!  was 02001480 instead of 00000000
at 6680 ns(6): Error: Error in value9 in CK cycle 151!!!  was 08005200 instead of 00000000
at 6680 ns(6): Error: Error in value10 in CK cycle 151!!!  was 04002900 instead of 00000000
at 6680 ns(6): Error: Error in value14 in CK cycle 151!!!  was 04002900 instead of 00000000
at 6680 ns(6): Error: Error in value15 in CK cycle 151!!!  was 04002900 instead of 00000000
at 6720 ns(6): Error: Error in value9 in CK cycle 152!!!  was 08005200 instead of 00000000
at 6720 ns(6): Error: Error in value10 in CK cycle 152!!!  was 08005200 instead of 00000000
at 6720 ns(6): Error: Error in value14 in CK cycle 152!!!  was 04002900 instead of 00000000
at 6720 ns(6): Error: Error in value15 in CK cycle 152!!!  was 04002900 instead of 00000000
at 6760 ns(6): Error: Error in value9 in CK cycle 153!!!  was 1000A400 instead of 00000000
at 6760 ns(6): Error: Error in value10 in CK cycle 153!!!  was 08005200 instead of 00000000
at 6760 ns(6): Error: Error in value14 in CK cycle 153!!!  was 08005200 instead of 00000000
at 6760 ns(6): Error: Error in value15 in CK cycle 153!!!  was 08005200 instead of 00000000
at 6800 ns(6): Error: Error in value9 in CK cycle 154!!!  was 1000A400 instead of 00000000
at 6800 ns(6): Error: Error in value10 in CK cycle 154!!!  was 1000A400 instead of 00000000
at 6800 ns(6): Error: Error in value14 in CK cycle 154!!!  was 08005200 instead of 00000000
at 6800 ns(6): Error: Error in value15 in CK cycle 154!!!  was 08005200 instead of 00000000
at 6840 ns(6): Error: Error in value9 in CK cycle 155!!!  was 20014800 instead of 00000000
at 6840 ns(6): Error: Error in value10 in CK cycle 155!!!  was 1000A400 instead of 00000000
at 6840 ns(6): Error: Error in value14 in CK cycle 155!!!  was 1000A400 instead of 00000000
at 6840 ns(6): Error: Error in value15 in CK cycle 155!!!  was 1000A400 instead of 00000000
at 6880 ns(6): Error: Error in value9 in CK cycle 156!!!  was 20014800 instead of 00000000
at 6880 ns(6): Error: Error in value10 in CK cycle 156!!!  was 20014800 instead of 00000000
at 6880 ns(6): Error: Error in value14 in CK cycle 156!!!  was 1000A400 instead of 00000000
at 6880 ns(6): Error: Error in value15 in CK cycle 156!!!  was 1000A400 instead of 00000000
at 6920 ns(6): Error: Error in value9 in CK cycle 157!!!  was 40029000 instead of 00000000
at 6920 ns(6): Error: Error in value10 in CK cycle 157!!!  was 20014800 instead of 00000000
at 6920 ns(6): Error: Error in value14 in CK cycle 157!!!  was 20014800 instead of 00000000
at 6920 ns(6): Error: Error in value15 in CK cycle 157!!!  was 20014800 instead of 00000000
at 6960 ns(6): Error: Error in value9 in CK cycle 158!!!  was 40029000 instead of 00000000
at 6960 ns(6): Error: Error in value10 in CK cycle 158!!!  was 40029000 instead of 00000000
at 6960 ns(6): Error: Error in value14 in CK cycle 158!!!  was 20014800 instead of 00000000
at 6960 ns(6): Error: Error in value15 in CK cycle 158!!!  was 20014800 instead of 00000000
at 7 us(6): Error: Error in value9 in CK cycle 159!!!  was 80052000 instead of 00000000
at 7 us(6): Error: Error in value10 in CK cycle 159!!!  was 40029000 instead of 00000000
at 7 us(6): Error: Error in value14 in CK cycle 159!!!  was 40029000 instead of 00000000
at 7 us(6): Error: Error in value15 in CK cycle 159!!!  was 40029000 instead of 00000000
# run 1.00us
at 7040 ns(6): Error: Error in value9 in CK cycle 160!!!  was 80052000 instead of 00000000
at 7040 ns(6): Error: Error in value10 in CK cycle 160!!!  was 80052000 instead of 00000000
at 7040 ns(6): Error: Error in value14 in CK cycle 160!!!  was 40029000 instead of 00000000
at 7040 ns(6): Error: Error in value15 in CK cycle 160!!!  was 40029000 instead of 00000000
at 7080 ns(6): Error:  ========== no of errors is: 36, ========= test FAILED!! ===========
ISim P.20131013 (signature 0x7708f090)
WARNING: A WEBPACK license was found.
WARNING: Please use Xilinx License Configuration Manager to check out a full ISim license.
WARNING: ISim will run in Lite mode. Please refer to the ISim documentation for more information on the differences between the Lite and the Full version.
This is a Lite version of ISim.
# run 1000 ns
Simulator is doing circuit initialization process.
at 0 ps, Instance /byoc_tb_for_students/Testing_BYOC_top/ : Warning: There is an 'U'|'X'|'W'|'Z'|'-' in an arithmetic operand, the result will be 'X'(es).
at 0 ps: Note: ================= Start filling IMem from file ==================================== (/byoc_tb_for_students/Testing_BYOC_top/hostintf/).
at 0 ps: Note: ================= Filling IMem from file done! ==================================== (/byoc_tb_for_students/Testing_BYOC_top/hostintf/).
at 0 ps, Instance /byoc_tb_for_students/Testing_BYOC_top/hostintf/ : Warning: CONV_INTEGER: There is an 'U'|'X'|'W'|'Z'|'-' in an arithmetic operand, and it has been converted to 0.
at 0 ps, Instance /byoc_tb_for_students/Testing_BYOC_top/hostintf/ : Warning: CONV_INTEGER: There is an 'U'|'X'|'W'|'Z'|'-' in an arithmetic operand, and it has been converted to 0.
at 0 ps, Instance /byoc_tb_for_students/Testing_BYOC_top/hostintf/ : Warning: CONV_INTEGER: There is an 'U'|'X'|'W'|'Z'|'-' in an arithmetic operand, and it has been converted to 0.
at 0 ps, Instance /byoc_tb_for_students/Testing_BYOC_top/GPR_file/ : Warning: CONV_INTEGER: There is an 'U'|'X'|'W'|'Z'|'-' in an arithmetic operand, and it has been converted to 0.
at 0 ps, Instance /byoc_tb_for_students/Testing_BYOC_top/GPR_file/ : Warning: CONV_INTEGER: There is an 'U'|'X'|'W'|'Z'|'-' in an arithmetic operand, and it has been converted to 0.
at 0 ps, Instance /byoc_tb_for_students/Testing_BYOC_top/GPR_file/ : Warning: CONV_INTEGER: There is an 'U'|'X'|'W'|'Z'|'-' in an arithmetic operand, and it has been converted to 0.
Finished circuit initialization process.
at 1 ns: Note: ================= Start checking signals ======================== (/byoc_tb_for_students/).
# run 1.00us
# run 1.00us
at 2840 ns(6): Error: Error in value9 in CK cycle 55!!!  was 004000F0 instead of 00000000
at 2880 ns(6): Error: Error in value9 in CK cycle 56!!!  was 004000F0 instead of 00000000
at 2880 ns(6): Error: Error in value10 in CK cycle 56!!!  was 004000F0 instead of 00000000
at 2920 ns(6): Error: Error in value9 in CK cycle 57!!!  was 008001E0 instead of 00000000
at 2920 ns(6): Error: Error in value10 in CK cycle 57!!!  was 004000F0 instead of 00000000
at 2920 ns(6): Error: Error in value14 in CK cycle 57!!!  was 004000F0 instead of 00000000
at 2920 ns(6): Error: Error in value15 in CK cycle 57!!!  was 004000F0 instead of 00000000
at 2960 ns(6): Error: Error in value9 in CK cycle 58!!!  was 010003C0 instead of 00000000
at 2960 ns(6): Error: Error in value10 in CK cycle 58!!!  was 008001E0 instead of 00000000
at 2960 ns(6): Error: Error in value14 in CK cycle 58!!!  was 004000F0 instead of 00000000
at 3 us(6): Error: Error in value9 in CK cycle 59!!!  was 02000780 instead of 00000000
at 3 us(6): Error: Error in value10 in CK cycle 59!!!  was 010003C0 instead of 00000000
at 3 us(6): Error: Error in value14 in CK cycle 59!!!  was 008001E0 instead of 00000000
at 3 us(6): Error: Error in value15 in CK cycle 59!!!  was 008001E0 instead of 00000000
ISim P.20131013 (signature 0x7708f090)
WARNING: A WEBPACK license was found.
WARNING: Please use Xilinx License Configuration Manager to check out a full ISim license.
WARNING: ISim will run in Lite mode. Please refer to the ISim documentation for more information on the differences between the Lite and the Full version.
This is a Lite version of ISim.
# run 1000 ns
Simulator is doing circuit initialization process.
at 0 ps, Instance /byoc_tb_for_students/Testing_BYOC_top/ : Warning: There is an 'U'|'X'|'W'|'Z'|'-' in an arithmetic operand, the result will be 'X'(es).
at 0 ps: Note: ================= Start filling IMem from file ==================================== (/byoc_tb_for_students/Testing_BYOC_top/hostintf/).
at 0 ps: Note: ================= Filling IMem from file done! ==================================== (/byoc_tb_for_students/Testing_BYOC_top/hostintf/).
at 0 ps, Instance /byoc_tb_for_students/Testing_BYOC_top/hostintf/ : Warning: CONV_INTEGER: There is an 'U'|'X'|'W'|'Z'|'-' in an arithmetic operand, and it has been converted to 0.
at 0 ps, Instance /byoc_tb_for_students/Testing_BYOC_top/hostintf/ : Warning: CONV_INTEGER: There is an 'U'|'X'|'W'|'Z'|'-' in an arithmetic operand, and it has been converted to 0.
at 0 ps, Instance /byoc_tb_for_students/Testing_BYOC_top/hostintf/ : Warning: CONV_INTEGER: There is an 'U'|'X'|'W'|'Z'|'-' in an arithmetic operand, and it has been converted to 0.
at 0 ps, Instance /byoc_tb_for_students/Testing_BYOC_top/GPR_file/ : Warning: CONV_INTEGER: There is an 'U'|'X'|'W'|'Z'|'-' in an arithmetic operand, and it has been converted to 0.
at 0 ps, Instance /byoc_tb_for_students/Testing_BYOC_top/GPR_file/ : Warning: CONV_INTEGER: There is an 'U'|'X'|'W'|'Z'|'-' in an arithmetic operand, and it has been converted to 0.
at 0 ps, Instance /byoc_tb_for_students/Testing_BYOC_top/GPR_file/ : Warning: CONV_INTEGER: There is an 'U'|'X'|'W'|'Z'|'-' in an arithmetic operand, and it has been converted to 0.
Finished circuit initialization process.
at 1 ns: Note: ================= Start checking signals ======================== (/byoc_tb_for_students/).
# run 1.00us
# run 1.00us
at 2840 ns(6): Error: Error in value9 in CK cycle 55!!!  was 004000F0 instead of 00000000
at 2880 ns(6): Error: Error in value9 in CK cycle 56!!!  was 004000F0 instead of 00000000
at 2880 ns(6): Error: Error in value10 in CK cycle 56!!!  was 004000F0 instead of 00000000
at 2920 ns(6): Error: Error in value9 in CK cycle 57!!!  was 008001E0 instead of 00000000
at 2920 ns(6): Error: Error in value10 in CK cycle 57!!!  was 004000F0 instead of 00000000
at 2920 ns(6): Error: Error in value14 in CK cycle 57!!!  was 004000F0 instead of 00000000
at 2920 ns(6): Error: Error in value15 in CK cycle 57!!!  was 004000F0 instead of 00000000
at 2960 ns(6): Error: Error in value9 in CK cycle 58!!!  was 010003C0 instead of 00000000
at 2960 ns(6): Error: Error in value10 in CK cycle 58!!!  was 008001E0 instead of 00000000
at 2960 ns(6): Error: Error in value14 in CK cycle 58!!!  was 004000F0 instead of 00000000
at 3 us(6): Error: Error in value9 in CK cycle 59!!!  was 02000780 instead of 00000000
at 3 us(6): Error: Error in value10 in CK cycle 59!!!  was 010003C0 instead of 00000000
at 3 us(6): Error: Error in value14 in CK cycle 59!!!  was 008001E0 instead of 00000000
at 3 us(6): Error: Error in value15 in CK cycle 59!!!  was 008001E0 instead of 00000000
ISim P.20131013 (signature 0x7708f090)
WARNING: A WEBPACK license was found.
WARNING: Please use Xilinx License Configuration Manager to check out a full ISim license.
WARNING: ISim will run in Lite mode. Please refer to the ISim documentation for more information on the differences between the Lite and the Full version.
This is a Lite version of ISim.
# run 1000 ns
Simulator is doing circuit initialization process.
at 0 ps, Instance /byoc_tb_for_students/Testing_BYOC_top/ : Warning: There is an 'U'|'X'|'W'|'Z'|'-' in an arithmetic operand, the result will be 'X'(es).
at 0 ps: Note: ================= Start filling IMem from file ==================================== (/byoc_tb_for_students/Testing_BYOC_top/hostintf/).
at 0 ps: Note: ================= Filling IMem from file done! ==================================== (/byoc_tb_for_students/Testing_BYOC_top/hostintf/).
at 0 ps, Instance /byoc_tb_for_students/Testing_BYOC_top/hostintf/ : Warning: CONV_INTEGER: There is an 'U'|'X'|'W'|'Z'|'-' in an arithmetic operand, and it has been converted to 0.
at 0 ps, Instance /byoc_tb_for_students/Testing_BYOC_top/hostintf/ : Warning: CONV_INTEGER: There is an 'U'|'X'|'W'|'Z'|'-' in an arithmetic operand, and it has been converted to 0.
at 0 ps, Instance /byoc_tb_for_students/Testing_BYOC_top/hostintf/ : Warning: CONV_INTEGER: There is an 'U'|'X'|'W'|'Z'|'-' in an arithmetic operand, and it has been converted to 0.
at 0 ps, Instance /byoc_tb_for_students/Testing_BYOC_top/GPR_file/ : Warning: CONV_INTEGER: There is an 'U'|'X'|'W'|'Z'|'-' in an arithmetic operand, and it has been converted to 0.
at 0 ps, Instance /byoc_tb_for_students/Testing_BYOC_top/GPR_file/ : Warning: CONV_INTEGER: There is an 'U'|'X'|'W'|'Z'|'-' in an arithmetic operand, and it has been converted to 0.
at 0 ps, Instance /byoc_tb_for_students/Testing_BYOC_top/GPR_file/ : Warning: CONV_INTEGER: There is an 'U'|'X'|'W'|'Z'|'-' in an arithmetic operand, and it has been converted to 0.
Finished circuit initialization process.
at 1 ns: Note: ================= Start checking signals ======================== (/byoc_tb_for_students/).
# run 1.00us
# run 1.00us
# run 1.00us
at 3280 ns(6): Error: Error in value9 in CK cycle 66!!!  was 00007FFE instead of 00000003
at 3320 ns(6): Error: Error in value10 in CK cycle 67!!!  was 00007FFE instead of 00000003
at 3320 ns(6): Error: Error in value11 in CK cycle 67!!!  was FFFFFFFF instead of 00000002
at 3360 ns(6): Error: Error in value14 in CK cycle 68!!!  was 00007FFE instead of 00000003
at 3360 ns(6): Error: Error in value15 in CK cycle 68!!!  was 00007FFE instead of 00000003
at 3440 ns(6): Error: Error in value9 in CK cycle 70!!!  was 00000013 instead of 00000033
at 3480 ns(6): Error: Error in value10 in CK cycle 71!!!  was 00000013 instead of 00000033
at 3480 ns(6): Error: Error in value11 in CK cycle 71!!!  was 00000002 instead of 00000022
at 3520 ns(6): Error: Error in value14 in CK cycle 72!!!  was 00000013 instead of 00000033
at 3520 ns(6): Error: Error in value15 in CK cycle 72!!!  was 00000013 instead of 00000033
# run 1.00us
at 4640 ns(6): Error: Error in value9 in CK cycle 100!!!  was FFFFFAAB instead of 00000000
at 4680 ns(6): Error: Error in value10 in CK cycle 101!!!  was FFFFFAAB instead of 00000000
at 4680 ns(6): Error: Error in value11 in CK cycle 101!!!  was 00000AAA instead of 00000555
at 4720 ns(6): Error: Error in value14 in CK cycle 102!!!  was FFFFFAAB instead of 00000000
at 4720 ns(6): Error: Error in value15 in CK cycle 102!!!  was FFFFFAAB instead of 00000000
# run 1.00us
# run 1.00us
at 6480 ns(6): Error: Error in value9 in CK cycle 146!!!  was 00000003 instead of 00000004
at 6520 ns(6): Error: Error in value10 in CK cycle 147!!!  was 00000003 instead of 00000004
at 6520 ns(6): Error: Error in value11 in CK cycle 147!!!  was 00000002 instead of 00000003
at 6560 ns(6): Error: Error in value14 in CK cycle 148!!!  was 00000003 instead of 00000004
at 6560 ns(6): Error: Error in value15 in CK cycle 148!!!  was 00000003 instead of 00000004
# run 1.00us
at 7080 ns(6): Error:  ========== no of errors is: 12, ========= test FAILED!! ===========
ISim P.20131013 (signature 0x7708f090)
WARNING: A WEBPACK license was found.
WARNING: Please use Xilinx License Configuration Manager to check out a full ISim license.
WARNING: ISim will run in Lite mode. Please refer to the ISim documentation for more information on the differences between the Lite and the Full version.
This is a Lite version of ISim.
# run 1000 ns
Simulator is doing circuit initialization process.
at 0 ps, Instance /byoc_tb_for_students/Testing_BYOC_top/ : Warning: There is an 'U'|'X'|'W'|'Z'|'-' in an arithmetic operand, the result will be 'X'(es).
at 0 ps: Note: ================= Start filling IMem from file ==================================== (/byoc_tb_for_students/Testing_BYOC_top/hostintf/).
at 0 ps: Note: ================= Filling IMem from file done! ==================================== (/byoc_tb_for_students/Testing_BYOC_top/hostintf/).
at 0 ps, Instance /byoc_tb_for_students/Testing_BYOC_top/hostintf/ : Warning: CONV_INTEGER: There is an 'U'|'X'|'W'|'Z'|'-' in an arithmetic operand, and it has been converted to 0.
at 0 ps, Instance /byoc_tb_for_students/Testing_BYOC_top/hostintf/ : Warning: CONV_INTEGER: There is an 'U'|'X'|'W'|'Z'|'-' in an arithmetic operand, and it has been converted to 0.
at 0 ps, Instance /byoc_tb_for_students/Testing_BYOC_top/hostintf/ : Warning: CONV_INTEGER: There is an 'U'|'X'|'W'|'Z'|'-' in an arithmetic operand, and it has been converted to 0.
at 0 ps, Instance /byoc_tb_for_students/Testing_BYOC_top/GPR_file/ : Warning: CONV_INTEGER: There is an 'U'|'X'|'W'|'Z'|'-' in an arithmetic operand, and it has been converted to 0.
at 0 ps, Instance /byoc_tb_for_students/Testing_BYOC_top/GPR_file/ : Warning: CONV_INTEGER: There is an 'U'|'X'|'W'|'Z'|'-' in an arithmetic operand, and it has been converted to 0.
at 0 ps, Instance /byoc_tb_for_students/Testing_BYOC_top/GPR_file/ : Warning: CONV_INTEGER: There is an 'U'|'X'|'W'|'Z'|'-' in an arithmetic operand, and it has been converted to 0.
Finished circuit initialization process.
at 1 ns: Note: ================= Start checking signals ======================== (/byoc_tb_for_students/).
# run 1.00us
# run 1.00us
# run 1.00us
at 3280 ns(6): Error: Error in value9 in CK cycle 66!!!  was 00007FFE instead of 00000003
at 3320 ns(6): Error: Error in value10 in CK cycle 67!!!  was 00007FFE instead of 00000003
at 3320 ns(6): Error: Error in value11 in CK cycle 67!!!  was FFFFFFFF instead of 00000002
at 3360 ns(6): Error: Error in value14 in CK cycle 68!!!  was 00007FFE instead of 00000003
at 3360 ns(6): Error: Error in value15 in CK cycle 68!!!  was 00007FFE instead of 00000003
at 3440 ns(6): Error: Error in value9 in CK cycle 70!!!  was 00000013 instead of 00000033
at 3480 ns(6): Error: Error in value10 in CK cycle 71!!!  was 00000013 instead of 00000033
at 3480 ns(6): Error: Error in value11 in CK cycle 71!!!  was 00000002 instead of 00000022
at 3520 ns(6): Error: Error in value14 in CK cycle 72!!!  was 00000013 instead of 00000033
at 3520 ns(6): Error: Error in value15 in CK cycle 72!!!  was 00000013 instead of 00000033
ISim P.20131013 (signature 0x7708f090)
WARNING: A WEBPACK license was found.
WARNING: Please use Xilinx License Configuration Manager to check out a full ISim license.
WARNING: ISim will run in Lite mode. Please refer to the ISim documentation for more information on the differences between the Lite and the Full version.
This is a Lite version of ISim.
# run 1000 ns
Simulator is doing circuit initialization process.
at 0 ps, Instance /byoc_tb_for_students/Testing_BYOC_top/ : Warning: There is an 'U'|'X'|'W'|'Z'|'-' in an arithmetic operand, the result will be 'X'(es).
at 0 ps: Note: ================= Start filling IMem from file ==================================== (/byoc_tb_for_students/Testing_BYOC_top/hostintf/).
at 0 ps: Note: ================= Filling IMem from file done! ==================================== (/byoc_tb_for_students/Testing_BYOC_top/hostintf/).
at 0 ps, Instance /byoc_tb_for_students/Testing_BYOC_top/hostintf/ : Warning: CONV_INTEGER: There is an 'U'|'X'|'W'|'Z'|'-' in an arithmetic operand, and it has been converted to 0.
at 0 ps, Instance /byoc_tb_for_students/Testing_BYOC_top/hostintf/ : Warning: CONV_INTEGER: There is an 'U'|'X'|'W'|'Z'|'-' in an arithmetic operand, and it has been converted to 0.
at 0 ps, Instance /byoc_tb_for_students/Testing_BYOC_top/hostintf/ : Warning: CONV_INTEGER: There is an 'U'|'X'|'W'|'Z'|'-' in an arithmetic operand, and it has been converted to 0.
at 0 ps, Instance /byoc_tb_for_students/Testing_BYOC_top/GPR_file/ : Warning: CONV_INTEGER: There is an 'U'|'X'|'W'|'Z'|'-' in an arithmetic operand, and it has been converted to 0.
at 0 ps, Instance /byoc_tb_for_students/Testing_BYOC_top/GPR_file/ : Warning: CONV_INTEGER: There is an 'U'|'X'|'W'|'Z'|'-' in an arithmetic operand, and it has been converted to 0.
at 0 ps, Instance /byoc_tb_for_students/Testing_BYOC_top/GPR_file/ : Warning: CONV_INTEGER: There is an 'U'|'X'|'W'|'Z'|'-' in an arithmetic operand, and it has been converted to 0.
Finished circuit initialization process.
at 1 ns: Note: ================= Start checking signals ======================== (/byoc_tb_for_students/).
# run 1.00us
# run 1.00us
# run 1.00us
at 3280 ns(6): Error: Error in value9 in CK cycle 66!!!  was 00007FFE instead of 00000003
at 3320 ns(6): Error: Error in value10 in CK cycle 67!!!  was 00007FFE instead of 00000003
at 3320 ns(6): Error: Error in value11 in CK cycle 67!!!  was FFFFFFFF instead of 00000002
at 3360 ns(6): Error: Error in value14 in CK cycle 68!!!  was 00007FFE instead of 00000003
at 3360 ns(6): Error: Error in value15 in CK cycle 68!!!  was 00007FFE instead of 00000003
at 3440 ns(6): Error: Error in value9 in CK cycle 70!!!  was 00000013 instead of 00000033
at 3480 ns(6): Error: Error in value10 in CK cycle 71!!!  was 00000013 instead of 00000033
at 3480 ns(6): Error: Error in value11 in CK cycle 71!!!  was 00000002 instead of 00000022
at 3520 ns(6): Error: Error in value14 in CK cycle 72!!!  was 00000013 instead of 00000033
at 3520 ns(6): Error: Error in value15 in CK cycle 72!!!  was 00000013 instead of 00000033
