Command line:
   BYOC_TB_for_students_isim_beh.exe
     -simmode  gui
     -simrunnum  0
     -socket  64532

Wed May 22 11:27:44 2019


 Elaboration Time: 0.0625 sec

 Current Memory Usage: 5335.67 Meg

 Total Signals          : 311
 Total Nets             : 3542
 Total Signal Drivers   : 181
 Total Blocks           : 14
 Total Primitive Blocks : 11
 Total Processes        : 137
 Total Traceable Variables  : 25
 Total Scalar Nets and Variables : 38009
Total Line Count : 375

 Total Simulation Time: 0.140625 sec

 Current Memory Usage: 4863.81 Meg

Wed May 22 12:01:11 2019

