Command line:
   HW5_top_isim_beh.exe
     -simmode  gui
     -simrunnum  0
     -socket  61105

Sun May 26 11:43:35 2019


 Elaboration Time: 0.0625 sec

 Current Memory Usage: 5335.62 Meg

 Total Signals          : 272
 Total Nets             : 3004
 Total Signal Drivers   : 172
 Total Blocks           : 13
 Total Primitive Blocks : 11
 Total Processes        : 139
 Total Traceable Variables  : 25
 Total Scalar Nets and Variables : 37471
Total Line Count : 292

 Total Simulation Time: 0.15625 sec

 Current Memory Usage: 5178.34 Meg

Sun May 26 11:44:53 2019

