Command line:
   p4_TB_isim_beh.exe
     -simmode  gui
     -simrunnum  0
     -socket  64176

Sun Apr 07 19:45:30 2019


 Elaboration Time: 0.125 sec

 Current Memory Usage: 5331.94 Meg

 Total Signals          : 32
 Total Nets             : 58
 Total Signal Drivers   : 12
 Total Blocks           : 10
 Total Primitive Blocks : 8
 Total Processes        : 12
 Total Traceable Variables  : 10
 Total Scalar Nets and Variables : 436
Total Line Count : 33

 Total Simulation Time: 0.15625 sec

 Current Memory Usage: 5174.66 Meg

Sun Apr 07 19:46:41 2019

